# JRE version: Java(TM) SE Runtime Environment (8.0_121-b13) (build 1.8.0_121-b13)
# Java VM: Java HotSpot(TM) 64-Bit Server VM (25.121-b13 mixed mode bsd-amd64 compressed oops)
Heap:
 PSYoungGen      total 76288K, used 39770K [0x000000076ab00000, 0x0000000770000000, 0x00000007c0000000)
  eden space 65536K, 60% used [0x000000076ab00000,0x000000076d1d6b18,0x000000076eb00000)
  from space 10752K, 0% used [0x000000076eb00000,0x000000076eb00000,0x000000076f580000)
  to   space 10752K, 0% used [0x000000076f580000,0x000000076f580000,0x0000000770000000)
 ParOldGen       total 122880K, used 9600K [0x00000006c0000000, 0x00000006c7800000, 0x000000076ab00000)
  object space 122880K, 7% used [0x00000006c0000000,0x00000006c09601f8,0x00000006c7800000)
 Metaspace       used 22853K, capacity 24100K, committed 24320K, reserved 1071104K
  class space    used 3200K, capacity 3475K, committed 3584K, reserved 1048576K
GC Heap History (4 events):
Event: 4.740 GC heap before
{Heap before GC invocations=1 (full 0):
 PSYoungGen      total 76288K, used 55293K [0x000000076ab00000, 0x0000000770000000, 0x00000007c0000000)
  eden space 65536K, 84% used [0x000000076ab00000,0x000000076e0ff6e0,0x000000076eb00000)
  from space 10752K, 0% used [0x000000076f580000,0x000000076f580000,0x0000000770000000)
  to   space 10752K, 0% used [0x000000076eb00000,0x000000076eb00000,0x000000076f580000)
 ParOldGen       total 175104K, used 0K [0x00000006c0000000, 0x00000006cab00000, 0x000000076ab00000)
  object space 175104K, 0% used [0x00000006c0000000,0x00000006c0000000,0x00000006cab00000)
 Metaspace       used 19988K, capacity 21154K, committed 21296K, reserved 1067008K
  class space    used 2943K, capacity 3184K, committed 3200K, reserved 1048576K
Event: 4.756 GC heap after
Heap after GC invocations=1 (full 0):
 PSYoungGen      total 76288K, used 10202K [0x000000076ab00000, 0x0000000770000000, 0x00000007c0000000)
  eden space 65536K, 0% used [0x000000076ab00000,0x000000076ab00000,0x000000076eb00000)
  from space 10752K, 94% used [0x000000076eb00000,0x000000076f4f6a78,0x000000076f580000)
  to   space 10752K, 0% used [0x000000076f580000,0x000000076f580000,0x0000000770000000)
 ParOldGen       total 175104K, used 88K [0x00000006c0000000, 0x00000006cab00000, 0x000000076ab00000)
  object space 175104K, 0% used [0x00000006c0000000,0x00000006c0016010,0x00000006cab00000)
 Metaspace       used 19988K, capacity 21154K, committed 21296K, reserved 1067008K
  class space    used 2943K, capacity 3184K, committed 3200K, reserved 1048576K
}
Event: 4.756 GC heap before
{Heap before GC invocations=2 (full 1):
 PSYoungGen      total 76288K, used 10202K [0x000000076ab00000, 0x0000000770000000, 0x00000007c0000000)
  eden space 65536K, 0% used [0x000000076ab00000,0x000000076ab00000,0x000000076eb00000)
  from space 10752K, 94% used [0x000000076eb00000,0x000000076f4f6a78,0x000000076f580000)
  to   space 10752K, 0% used [0x000000076f580000,0x000000076f580000,0x0000000770000000)
 ParOldGen       total 175104K, used 88K [0x00000006c0000000, 0x00000006cab00000, 0x000000076ab00000)
  object space 175104K, 0% used [0x00000006c0000000,0x00000006c0016010,0x00000006cab00000)
 Metaspace       used 19988K, capacity 21154K, committed 21296K, reserved 1067008K
  class space    used 2943K, capacity 3184K, committed 3200K, reserved 1048576K
Event: 4.796 GC heap after
Heap after GC invocations=2 (full 1):
 PSYoungGen      total 76288K, used 0K [0x000000076ab00000, 0x0000000770000000, 0x00000007c0000000)
  eden space 65536K, 0% used [0x000000076ab00000,0x000000076ab00000,0x000000076eb00000)
  from space 10752K, 0% used [0x000000076eb00000,0x000000076eb00000,0x000000076f580000)
  to   space 10752K, 0% used [0x000000076f580000,0x000000076f580000,0x0000000770000000)
 ParOldGen       total 122880K, used 9600K [0x00000006c0000000, 0x00000006c7800000, 0x000000076ab00000)
  object space 122880K, 7% used [0x00000006c0000000,0x00000006c09601f8,0x00000006c7800000)
 Metaspace       used 19988K, capacity 21154K, committed 21296K, reserved 1067008K
  class space    used 2943K, capacity 3184K, committed 3200K, reserved 1048576K
}

