# JRE version: Java(TM) SE Runtime Environment (8.0_121-b13) (build 1.8.0_121-b13)
# Java VM: Java HotSpot(TM) 64-Bit Server VM (25.121-b13 mixed mode bsd-amd64 compressed oops)
Heap:
 PSYoungGen      total 76288K, used 51830K [0x000000076ab00000, 0x0000000770000000, 0x00000007c0000000)
  eden space 65536K, 70% used [0x000000076ab00000,0x000000076d820ef0,0x000000076eb00000)
  from space 10752K, 52% used [0x000000076f580000,0x000000076fafca78,0x0000000770000000)
  to   space 10752K, 0% used [0x000000076eb00000,0x000000076eb00000,0x000000076f580000)
 ParOldGen       total 75776K, used 9715K [0x00000006c0000000, 0x00000006c4a00000, 0x000000076ab00000)
  object space 75776K, 12% used [0x00000006c0000000,0x00000006c097cc78,0x00000006c4a00000)
 Metaspace       used 23274K, capacity 24604K, committed 24832K, reserved 1071104K
  class space    used 3238K, capacity 3507K, committed 3584K, reserved 1048576K
GC Heap History (10 events):
Event: 9.981 GC heap before
{Heap before GC invocations=1 (full 0):
 PSYoungGen      total 76288K, used 55291K [0x000000076ab00000, 0x0000000770000000, 0x00000007c0000000)
  eden space 65536K, 84% used [0x000000076ab00000,0x000000076e0fefd8,0x000000076eb00000)
  from space 10752K, 0% used [0x000000076f580000,0x000000076f580000,0x0000000770000000)
  to   space 10752K, 0% used [0x000000076eb00000,0x000000076eb00000,0x000000076f580000)
 ParOldGen       total 175104K, used 0K [0x00000006c0000000, 0x00000006cab00000, 0x000000076ab00000)
  object space 175104K, 0% used [0x00000006c0000000,0x00000006c0000000,0x00000006cab00000)
 Metaspace       used 20103K, capacity 21234K, committed 21296K, reserved 1067008K
  class space    used 2942K, capacity 3184K, committed 3200K, reserved 1048576K
Event: 9.988 GC heap after
Heap after GC invocations=1 (full 0):
 PSYoungGen      total 76288K, used 10286K [0x000000076ab00000, 0x0000000770000000, 0x00000007c0000000)
  eden space 65536K, 0% used [0x000000076ab00000,0x000000076ab00000,0x000000076eb00000)
  from space 10752K, 95% used [0x000000076eb00000,0x000000076f50b9b0,0x000000076f580000)
  to   space 10752K, 0% used [0x000000076f580000,0x000000076f580000,0x0000000770000000)
 ParOldGen       total 175104K, used 88K [0x00000006c0000000, 0x00000006cab00000, 0x000000076ab00000)
  object space 175104K, 0% used [0x00000006c0000000,0x00000006c0016010,0x00000006cab00000)
 Metaspace       used 20103K, capacity 21234K, committed 21296K, reserved 1067008K
  class space    used 2942K, capacity 3184K, committed 3200K, reserved 1048576K
}
Event: 9.988 GC heap before
{Heap before GC invocations=2 (full 1):
 PSYoungGen      total 76288K, used 10286K [0x000000076ab00000, 0x0000000770000000, 0x00000007c0000000)
  eden space 65536K, 0% used [0x000000076ab00000,0x000000076ab00000,0x000000076eb00000)
  from space 10752K, 95% used [0x000000076eb00000,0x000000076f50b9b0,0x000000076f580000)
  to   space 10752K, 0% used [0x000000076f580000,0x000000076f580000,0x0000000770000000)
 ParOldGen       total 175104K, used 88K [0x00000006c0000000, 0x00000006cab00000, 0x000000076ab00000)
  object space 175104K, 0% used [0x00000006c0000000,0x00000006c0016010,0x00000006cab00000)
 Metaspace       used 20103K, capacity 21234K, committed 21296K, reserved 1067008K
  class space    used 2942K, capacity 3184K, committed 3200K, reserved 1048576K
Event: 10.013 GC heap after
Heap after GC invocations=2 (full 1):
 PSYoungGen      total 76288K, used 0K [0x000000076ab00000, 0x0000000770000000, 0x00000007c0000000)
  eden space 65536K, 0% used [0x000000076ab00000,0x000000076ab00000,0x000000076eb00000)
  from space 10752K, 0% used [0x000000076eb00000,0x000000076eb00000,0x000000076f580000)
  to   space 10752K, 0% used [0x000000076f580000,0x000000076f580000,0x0000000770000000)
 ParOldGen       total 75776K, used 9691K [0x00000006c0000000, 0x00000006c4a00000, 0x000000076ab00000)
  object space 75776K, 12% used [0x00000006c0000000,0x00000006c0976c78,0x00000006c4a00000)
 Metaspace       used 20103K, capacity 21234K, committed 21296K, reserved 1067008K
  class space    used 2942K, capacity 3184K, committed 3200K, reserved 1048576K
}
Event: 113.197 GC heap before
{Heap before GC invocations=3 (full 1):
 PSYoungGen      total 76288K, used 65536K [0x000000076ab00000, 0x0000000770000000, 0x00000007c0000000)
  eden space 65536K, 100% used [0x000000076ab00000,0x000000076eb00000,0x000000076eb00000)
  from space 10752K, 0% used [0x000000076eb00000,0x000000076eb00000,0x000000076f580000)
  to   space 10752K, 0% used [0x000000076f580000,0x000000076f580000,0x0000000770000000)
 ParOldGen       total 75776K, used 9691K [0x00000006c0000000, 0x00000006c4a00000, 0x000000076ab00000)
  object space 75776K, 12% used [0x00000006c0000000,0x00000006c0976c78,0x00000006c4a00000)
 Metaspace       used 23049K, capacity 24374K, committed 24576K, reserved 1071104K
  class space    used 3213K, capacity 3474K, committed 3584K, reserved 1048576K
Event: 113.201 GC heap after
Heap after GC invocations=3 (full 1):
 PSYoungGen      total 76288K, used 5026K [0x000000076ab00000, 0x0000000770000000, 0x00000007c0000000)
  eden space 65536K, 0% used [0x000000076ab00000,0x000000076ab00000,0x000000076eb00000)
  from space 10752K, 46% used [0x000000076f580000,0x000000076fa68bb0,0x0000000770000000)
  to   space 10752K, 0% used [0x000000076eb00000,0x000000076eb00000,0x000000076f580000)
 ParOldGen       total 75776K, used 9699K [0x00000006c0000000, 0x00000006c4a00000, 0x000000076ab00000)
  object space 75776K, 12% used [0x00000006c0000000,0x00000006c0978c78,0x00000006c4a00000)
 Metaspace       used 23049K, capacity 24374K, committed 24576K, reserved 1071104K
  class space    used 3213K, capacity 3474K, committed 3584K, reserved 1048576K
}
Event: 114.085 GC heap before
{Heap before GC invocations=4 (full 1):
 PSYoungGen      total 76288K, used 70562K [0x000000076ab00000, 0x0000000770000000, 0x00000007c0000000)
  eden space 65536K, 100% used [0x000000076ab00000,0x000000076eb00000,0x000000076eb00000)
  from space 10752K, 46% used [0x000000076f580000,0x000000076fa68bb0,0x0000000770000000)
  to   space 10752K, 0% used [0x000000076eb00000,0x000000076eb00000,0x000000076f580000)
 ParOldGen       total 75776K, used 9699K [0x00000006c0000000, 0x00000006c4a00000, 0x000000076ab00000)
  object space 75776K, 12% used [0x00000006c0000000,0x00000006c0978c78,0x00000006c4a00000)
 Metaspace       used 23068K, capacity 24374K, committed 24576K, reserved 1071104K
  class space    used 3213K, capacity 3474K, committed 3584K, reserved 1048576K
Event: 114.087 GC heap after
Heap after GC invocations=4 (full 1):
 PSYoungGen      total 76288K, used 5026K [0x000000076ab00000, 0x0000000770000000, 0x00000007c0000000)
  eden space 65536K, 0% used [0x000000076ab00000,0x000000076ab00000,0x000000076eb00000)
  from space 10752K, 46% used [0x000000076eb00000,0x000000076efe8bb0,0x000000076f580000)
  to   space 10752K, 0% used [0x000000076f580000,0x000000076f580000,0x0000000770000000)
 ParOldGen       total 75776K, used 9707K [0x00000006c0000000, 0x00000006c4a00000, 0x000000076ab00000)
  object space 75776K, 12% used [0x00000006c0000000,0x00000006c097ac78,0x00000006c4a00000)
 Metaspace       used 23068K, capacity 24374K, committed 24576K, reserved 1071104K
  class space    used 3213K, capacity 3474K, committed 3584K, reserved 1048576K
}
Event: 332.487 GC heap before
{Heap before GC invocations=5 (full 1):
 PSYoungGen      total 76288K, used 70562K [0x000000076ab00000, 0x0000000770000000, 0x00000007c0000000)
  eden space 65536K, 100% used [0x000000076ab00000,0x000000076eb00000,0x000000076eb00000)
  from space 10752K, 46% used [0x000000076eb00000,0x000000076efe8bb0,0x000000076f580000)
  to   space 10752K, 0% used [0x000000076f580000,0x000000076f580000,0x0000000770000000)
 ParOldGen       total 75776K, used 9707K [0x00000006c0000000, 0x00000006c4a00000, 0x000000076ab00000)
  object space 75776K, 12% used [0x00000006c0000000,0x00000006c097ac78,0x00000006c4a00000)
 Metaspace       used 23266K, capacity 24540K, committed 24832K, reserved 1071104K
  class space    used 3238K, capacity 3507K, committed 3584K, reserved 1048576K
Event: 332.489 GC heap after
Heap after GC invocations=5 (full 1):
 PSYoungGen      total 76288K, used 5618K [0x000000076ab00000, 0x0000000770000000, 0x00000007c0000000)
  eden space 65536K, 0% used [0x000000076ab00000,0x000000076ab00000,0x000000076eb00000)
  from space 10752K, 52% used [0x000000076f580000,0x000000076fafca78,0x0000000770000000)
  to   space 10752K, 0% used [0x000000076eb00000,0x000000076eb00000,0x000000076f580000)
 ParOldGen       total 75776K, used 9715K [0x00000006c0000000, 0x00000006c4a00000, 0x000000076ab00000)
  object space 75776K, 12% used [0x00000006c0000000,0x00000006c097cc78,0x00000006c4a00000)
 Metaspace       used 23266K, capacity 24540K, committed 24832K, reserved 1071104K
  class space    used 3238K, capacity 3507K, committed 3584K, reserved 1048576K
}

